[debug] [2021-12-20T09:06:57.070Z] ----------------------------------------------------------------------
[debug] [2021-12-20T09:06:57.072Z] Command:       /home/hammadahmad/.nvm/versions/node/v14.18.2/bin/node /home/hammadahmad/.nvm/versions/node/v14.18.2/bin/firebase init
[debug] [2021-12-20T09:06:57.072Z] CLI Version:   9.23.3
[debug] [2021-12-20T09:06:57.072Z] Platform:      linux
[debug] [2021-12-20T09:06:57.072Z] Node Version:  v14.18.2
[debug] [2021-12-20T09:06:57.073Z] Time:          Mon Dec 20 2021 14:06:57 GMT+0500 (Pakistan Standard Time)
[debug] [2021-12-20T09:06:57.073Z] ----------------------------------------------------------------------
[debug] 
[debug] [2021-12-20T09:06:57.077Z] > command requires scopes: ["email","openid","https://www.googleapis.com/auth/cloudplatformprojects.readonly","https://www.googleapis.com/auth/firebase","https://www.googleapis.com/auth/cloud-platform"]
[debug] [2021-12-20T09:06:57.078Z] > authorizing via signed-in user (hammadahmad196@gmail.com)
[info] 
     ######## #### ########  ######## ########     ###     ######  ########
     ##        ##  ##     ## ##       ##     ##  ##   ##  ##       ##
     ######    ##  ########  ######   ########  #########  ######  ######
     ##        ##  ##    ##  ##       ##     ## ##     ##       ## ##
     ##       #### ##     ## ######## ########  ##     ##  ######  ########

You're about to initialize a Firebase project in this directory:

  /home/hammadahmad/Documents/TOPSOL/olx-clone

[info] 
=== Project Setup
[info] 
[info] First, let's associate this project directory with a Firebase project.
[info] You can create multiple project aliases by running firebase use --add, 
[info] but for now we'll just set up a default project.
[info] 
[info] i  If you want to create a project in a Google Cloud organization or folder, please use "firebase projects:create" instead, and return to this command when you've created the project. 
[debug] [2021-12-20T09:07:34.812Z] >>> HTTP REQUEST POST https://cloudresourcemanager.googleapis.com/v1/projects  
 {"projectId":"react-firebase-pragmatic","name":"firebase projects:create"}
[debug] [2021-12-20T09:07:36.382Z] <<< HTTP RESPONSE 400 {"vary":"X-Origin, Referer, Origin,Accept-Encoding","content-type":"application/json; charset=UTF-8","date":"Mon, 20 Dec 2021 09:07:36 GMT","server":"ESF","cache-control":"private","x-xss-protection":"0","x-frame-options":"SAMEORIGIN","x-content-type-options":"nosniff","server-timing":"gfet4t7; dur=1202","alt-svc":"h3=\":443\"; ma=2592000,h3-29=\":443\"; ma=2592000,h3-Q050=\":443\"; ma=2592000,h3-Q046=\":443\"; ma=2592000,h3-Q043=\":443\"; ma=2592000,quic=\":443\"; ma=2592000; v=\"46,43\"","accept-ranges":"none","transfer-encoding":"chunked"}
[debug] [2021-12-20T09:07:36.382Z] <<< HTTP RESPONSE BODY {"error":{"code":400,"message":"field [display_name] has issue [project display name contains invalid characters]","status":"INVALID_ARGUMENT","details":[{"@type":"type.googleapis.com/google.rpc.BadRequest","fieldViolations":[{"field":"display_name","description":"project display name contains invalid characters"}]},{"@type":"type.googleapis.com/google.rpc.Help","links":[{"url":"https://cloud.google.com/resource-manager/reference/rest/v1/projects"}]}]}}
[debug] [2021-12-20T09:07:36.765Z] FirebaseError: HTTP Error: 400, field [display_name] has issue [project display name contains invalid characters]
    at module.exports (/home/hammadahmad/.nvm/versions/node/v14.18.2/lib/node_modules/firebase-tools/lib/responseToError.js:38:12)
    at Request._callback (/home/hammadahmad/.nvm/versions/node/v14.18.2/lib/node_modules/firebase-tools/lib/api.js:41:35)
    at Request.self.callback (/home/hammadahmad/.nvm/versions/node/v14.18.2/lib/node_modules/firebase-tools/node_modules/request/request.js:185:22)
    at Request.emit (events.js:400:28)
    at Request.emit (domain.js:475:12)
    at Request.<anonymous> (/home/hammadahmad/.nvm/versions/node/v14.18.2/lib/node_modules/firebase-tools/node_modules/request/request.js:1154:10)
    at Request.emit (events.js:400:28)
    at Request.emit (domain.js:475:12)
    at IncomingMessage.<anonymous> (/home/hammadahmad/.nvm/versions/node/v14.18.2/lib/node_modules/firebase-tools/node_modules/request/request.js:1076:12)
    at Object.onceWrapper (events.js:519:28)
    at IncomingMessage.emit (events.js:412:35)
    at IncomingMessage.emit (domain.js:475:12)
    at endReadableNT (internal/streams/readable.js:1334:12)
    at processTicksAndRejections (internal/process/task_queues.js:82:21)
[error] 
[error] Error: Failed to create project. See firebase-debug.log for more info.
